[debug] ----------------------------------------------------------------------
[debug] Command:      F:\Coding\Node\node.exe C:\Users\Cam\AppData\Roaming\npm\node_modules\firebase-tools\bin\firebase deploy
[debug] CLI Version:  3.5.0
[debug] Platform:     win32
[debug] Node Version: v6.9.1
[debug] Time:         Mon Apr 03 2017 23:00:24 GMT-0600 (Mountain Daylight Time)
[debug] ----------------------------------------------------------------------
[debug] 
[debug] > command requires scopes: ["email","openid","https://www.googleapis.com/auth/cloudplatformprojects.readonly","https://www.googleapis.com/auth/firebase"]
[debug] > refreshing access token with scopes: ["email","https://www.googleapis.com/auth/cloudplatformprojects.readonly","https://www.googleapis.com/auth/firebase","openid"]
[debug] >>> HTTP REQUEST POST https://www.googleapis.com/oauth2/v3/token { refresh_token: '1/zH8ibDvzu6bCQj0wHcrSiShkqtHAZSwSEl9UHOZtRWU',
  client_id: '563584335869-fgrhgmd47bqnekij5i8b5pr03ho849e6.apps.googleusercontent.com',
  client_secret: 'j9iVZfS8kkCEFUPaAeJV0sAi',
  grant_type: 'refresh_token',
  scope: 'email https://www.googleapis.com/auth/cloudplatformprojects.readonly https://www.googleapis.com/auth/firebase openid' } 
 Mon Apr 03 2017 23:00:24 GMT-0600 (Mountain Daylight Time)
[debug] <<< HTTP RESPONSE 200
[debug] >>> HTTP REQUEST GET https://admin.firebase.com/v1/projects/blog-bc1a9  
 Mon Apr 03 2017 23:00:24 GMT-0600 (Mountain Daylight Time)
[debug] <<< HTTP RESPONSE 200
[debug] >>> HTTP REQUEST GET https://admin.firebase.com/v1/database/blog-bc1a9/tokens  
 Mon Apr 03 2017 23:00:25 GMT-0600 (Mountain Daylight Time)
[debug] <<< HTTP RESPONSE 200
[info] 
[info] === Deploying to 'blog-bc1a9'...
[info] 
[info] i  deploying hosting
[info] i  hosting: preparing public directory for upload...
[debug] >>> HTTP REQUEST PUT https://deploy.firebase.com/v1/hosting/blog-bc1a9/uploads/-KgrKTdgx2rKpcswwhBy?fileCount=600&message=  
 Mon Apr 03 2017 23:00:28 GMT-0600 (Mountain Daylight Time)
[debug] <<< HTTP RESPONSE 200
[info] +  hosting: public folder uploaded successfully
[info] +  hosting: 600 files uploaded successfully
[info] i  starting release process (may take several minutes)...
[debug] >>> HTTP REQUEST POST https://deploy.firebase.com/v1/projects/blog-bc1a9/releases { hosting: 
   { public: 'public',
     rewrites: [ [Object] ],
     version: '-KgrKTdgx2rKpcswwhBy',
     prefix: '-KgrKTdgx2rKpcswwhBy/',
     manifest: [] } } 
 Mon Apr 03 2017 23:00:35 GMT-0600 (Mountain Daylight Time)
