0 info it worked if it ends with ok
1 verbose cli [ 'F:\\Coding\\Node\\node.exe',
1 verbose cli   'C:\\Users\\Cam\\AppData\\Roaming\\npm\\node_modules\\npm\\bin\\npm-cli.js',
1 verbose cli   'start' ]
2 info using npm@4.0.2
3 info using node@v6.9.1
4 verbose run-script [ 'prestart', 'start', 'poststart' ]
5 info lifecycle blog@1.0.0~prestart: blog@1.0.0
6 silly lifecycle blog@1.0.0~prestart: no script for prestart, continuing
7 info lifecycle blog@1.0.0~start: blog@1.0.0
8 verbose lifecycle blog@1.0.0~start: unsafe-perm in lifecycle true
9 verbose lifecycle blog@1.0.0~start: PATH: C:\Users\Cam\AppData\Roaming\npm\node_modules\npm\bin\node-gyp-bin;F:\Projects\blog\node_modules\.bin;C:\Users\Cam\AppData\Roaming\npm;F:\Coding\Node\;C:\ProgramData\Oracle\Java\javapath;C:\Windows\system32;C:\Windows;C:\Windows\System32\Wbem;C:\Windows\System32\WindowsPowerShell\v1.0\;C:\Program Files (x86)\NVIDIA Corporation\PhysX\Common;C:\WINDOWS\system32;C:\WINDOWS;C:\WINDOWS\System32\Wbem;C:\WINDOWS\System32\WindowsPowerShell\v1.0\;F:\Coding\Git\cmd;F:\Coding\Node\;C:\Users\Cam\AppData\Local\Microsoft\WindowsApps;C:\Users\Cam\AppData\Local\atom\bin;C:\Program Files\Java\jdk1.8.0_112\bin;F:\Coding\apache-ant-1.9.7;F:\Coding\AndroidSDK\tools;F:\Coding\AndroidSDK\platform-tools
10 verbose lifecycle blog@1.0.0~start: CWD: F:\Projects\blog
11 silly lifecycle blog@1.0.0~start: Args: [ '/d /s /c', 'ws' ]
12 silly lifecycle blog@1.0.0~start: Returned: code: 3221225786  signal: null
13 info lifecycle blog@1.0.0~start: Failed to exec start script
14 verbose stack Error: blog@1.0.0 start: `ws`
14 verbose stack Exit status 3221225786
14 verbose stack     at EventEmitter.<anonymous> (C:\Users\Cam\AppData\Roaming\npm\node_modules\npm\lib\utils\lifecycle.js:279:16)
14 verbose stack     at emitTwo (events.js:106:13)
14 verbose stack     at EventEmitter.emit (events.js:191:7)
14 verbose stack     at ChildProcess.<anonymous> (C:\Users\Cam\AppData\Roaming\npm\node_modules\npm\lib\utils\spawn.js:40:14)
14 verbose stack     at emitTwo (events.js:106:13)
14 verbose stack     at ChildProcess.emit (events.js:191:7)
14 verbose stack     at maybeClose (internal/child_process.js:877:16)
14 verbose stack     at Process.ChildProcess._handle.onexit (internal/child_process.js:226:5)
15 verbose pkgid blog@1.0.0
16 verbose cwd F:\Projects\blog
17 error Windows_NT 10.0.14393
18 error argv "F:\\Coding\\Node\\node.exe" "C:\\Users\\Cam\\AppData\\Roaming\\npm\\node_modules\\npm\\bin\\npm-cli.js" "start"
19 error node v6.9.1
20 error npm  v4.0.2
21 error code ELIFECYCLE
22 error blog@1.0.0 start: `ws`
22 error Exit status 3221225786
23 error Failed at the blog@1.0.0 start script 'ws'.
23 error Make sure you have the latest version of node.js and npm installed.
23 error If you do, this is most likely a problem with the blog package,
23 error not with npm itself.
23 error Tell the author that this fails on your system:
23 error     ws
23 error You can get information on how to open an issue for this project with:
23 error     npm bugs blog
23 error Or if that isn't available, you can get their info via:
23 error     npm owner ls blog
23 error There is likely additional logging output above.
24 verbose exit [ 1, true ]
